<?xml version="1.0" encoding="UTF-8"?>
<!-- Generated by org.testng.reporters.JUnitReportReporter -->
<testsuite skipped="0" hostname="LAPTOP-HK26NAV8" name="Practice_Pakage.SampleTestNGtest_1" tests="2" failures="0" timestamp="2023-01-10T13:05:15 IST" time="0.014" errors="0">
  <testcase name="sampletest1" time="0.010" classname="Practice_Pakage.SampleTestNGtest_1"/>
  <system-out/>
  <testcase name="sampletest2" time="0.004" classname="Practice_Pakage.SampleTestNGtest_1"/>
  <system-out/>
</testsuite> <!-- Practice_Pakage.SampleTestNGtest_1 -->
