<?xml version="1.0" encoding="UTF-8"?>
<!-- Generated by org.testng.reporters.JUnitReportReporter -->
<testsuite skipped="0" hostname="LAPTOP-HK26NAV8" name="Practice_Pakage.Practice_data_provider" tests="3" failures="0" timestamp="2023-01-06T16:45:59 IST" time="0.013" errors="0">
  <testcase name="travel" time="0.011" classname="Practice_Pakage.Practice_data_provider"/>
  <system-out/>
  <testcase name="travel" time="0.002" classname="Practice_Pakage.Practice_data_provider"/>
  <system-out/>
  <testcase name="travel" time="0.000" classname="Practice_Pakage.Practice_data_provider"/>
  <system-out/>
</testsuite> <!-- Practice_Pakage.Practice_data_provider -->
