<?xml version="1.0" encoding="UTF-8"?>
<!-- Generated by org.testng.reporters.JUnitReportReporter -->
<testsuite skipped="0" hostname="LAPTOP-HK26NAV8" name="Admin_Module.New_AddStudentPOMTest_4" tests="1" failures="0" timestamp="2023-01-12T10:57:36 IST" time="49.410" errors="0">
  <testcase name="ExcuteConfig" time="49.410" classname="Admin_Module.New_AddStudentPOMTest_4"/>
  <system-out/>
</testsuite> <!-- Admin_Module.New_AddStudentPOMTest_4 -->
