<?xml version="1.0" encoding="UTF-8"?>
<!-- Generated by org.testng.reporters.JUnitReportReporter -->
<testsuite skipped="0" hostname="LAPTOP-HK26NAV8" name="Practice_Pakage.DiffAnnotation" tests="5" failures="0" timestamp="2023-01-09T13:12:26 IST" time="0.007" errors="0">
  <testcase name="excutedata" time="0.007" classname="Practice_Pakage.DiffAnnotation"/>
  <system-out/>
  <testcase name="createTeacher" time="0.000" classname="Practice_Pakage.DiffAnnotation"/>
  <system-out/>
  <testcase name="createTeacher" time="0.000" classname="Practice_Pakage.DiffAnnotation"/>
  <system-out/>
  <testcase name="createStudent" time="0.000" classname="Practice_Pakage.DiffAnnotation"/>
  <system-out/>
  <testcase name="createTimetable" time="0.000" classname="Practice_Pakage.DiffAnnotation"/>
  <system-out/>
</testsuite> <!-- Practice_Pakage.DiffAnnotation -->
