<?xml version="1.0" encoding="UTF-8"?>
<!-- Generated by org.testng.reporters.JUnitReportReporter -->
<testsuite skipped="0" hostname="LAPTOP-HK26NAV8" name="Practice_Pakage.practiseTest" tests="4" failures="0" timestamp="2023-01-06T15:42:53 IST" time="0.024" errors="0">
  <testcase name="create" time="0.007" classname="Practice_Pakage.practiseTest"/>
  <system-out/>
  <testcase name="delete" time="0.001" classname="Practice_Pakage.practiseTest"/>
  <system-out/>
  <testcase name="delete" time="0.011" classname="Practice_Pakage.practiseTest"/>
  <system-out/>
  <testcase name="excute" time="0.005" classname="Practice_Pakage.practiseTest"/>
  <system-out/>
</testsuite> <!-- Practice_Pakage.practiseTest -->
