<?xml version="1.0" encoding="UTF-8"?>
<!-- Generated by org.testng.reporters.JUnitReportReporter -->
<testsuite skipped="0" hostname="LAPTOP-HK26NAV8" name="Admin_Module.createSubjectRoutingPOM" tests="1" failures="0" timestamp="2023-01-10T11:12:02 IST" time="27.992" errors="0">
  <testcase name="ExcuteConfig" time="27.992" classname="Admin_Module.createSubjectRoutingPOM"/>
  <system-out/>
</testsuite> <!-- Admin_Module.createSubjectRoutingPOM -->
