<?xml version="1.0" encoding="UTF-8"?>
<!-- Generated by org.testng.reporters.JUnitReportReporter -->
<testsuite skipped="0" hostname="LAPTOP-HK26NAV8" name="Admin_Module.create_classroomPOM" tests="1" failures="0" timestamp="2023-01-09T16:23:34 IST" time="10.326" errors="0">
  <testcase name="excuteConfig" time="10.326" classname="Admin_Module.create_classroomPOM"/>
  <system-out/>
</testsuite> <!-- Admin_Module.create_classroomPOM -->
