<?xml version="1.0" encoding="UTF-8"?>
<!-- Generated by org.testng.reporters.JUnitReportReporter -->
<testsuite skipped="0" hostname="LAPTOP-HK26NAV8" name="Admin_Module.Create_timetablePOM" tests="1" failures="0" timestamp="2023-01-09T16:30:39 IST" time="40.698" errors="0">
  <testcase name="excuteConf" time="40.698" classname="Admin_Module.Create_timetablePOM"/>
  <system-out/>
</testsuite> <!-- Admin_Module.Create_timetablePOM -->
