<?xml version="1.0" encoding="UTF-8"?>
<!-- Generated by org.testng.reporters.JUnitReportReporter -->
<testsuite skipped="0" hostname="LAPTOP-HK26NAV8" name="Practice_Pakage.readdatafromexel" tests="4" failures="0" timestamp="2023-01-09T12:32:39 IST" time="0.007" errors="0">
  <testcase name="result" time="0.000" classname="Practice_Pakage.readdatafromexel"/>
  <system-out/>
  <testcase name="result" time="0.000" classname="Practice_Pakage.readdatafromexel"/>
  <system-out/>
  <testcase name="result" time="0.005" classname="Practice_Pakage.readdatafromexel"/>
  <system-out/>
  <testcase name="result" time="0.002" classname="Practice_Pakage.readdatafromexel"/>
  <system-out/>
</testsuite> <!-- Practice_Pakage.readdatafromexel -->
