<?xml version="1.0" encoding="UTF-8"?>
<!-- Generated by org.testng.reporters.JUnitReportReporter -->
<testsuite skipped="0" hostname="LAPTOP-HK26NAV8" name="Teacher_Module.SearchStudentPom" tests="1" failures="0" timestamp="2023-01-10T10:52:57 IST" time="3.391" errors="0">
  <testcase name="searchstudentconf" time="3.391" classname="Teacher_Module.SearchStudentPom"/>
  <system-out/>
</testsuite> <!-- Teacher_Module.SearchStudentPom -->
