<?xml version="1.0" encoding="UTF-8"?>
<!-- Generated by org.testng.reporters.JUnitReportReporter -->
<testsuite skipped="0" hostname="LAPTOP-HK26NAV8" name="Admin_Module.New_AddStudentPOM" tests="1" failures="0" timestamp="2023-01-09T16:43:11 IST" time="43.467" errors="0">
  <testcase name="ExcuteConfig" time="43.467" classname="Admin_Module.New_AddStudentPOM"/>
  <system-out/>
</testsuite> <!-- Admin_Module.New_AddStudentPOM -->
