<?xml version="1.0" encoding="UTF-8"?>
<!-- Generated by org.testng.reporters.JUnitReportReporter -->
<testsuite skipped="0" hostname="LAPTOP-HK26NAV8" name="Admin_Module.CreateSubjectRoutingPOMTest_3" tests="1" failures="0" timestamp="2023-01-12T17:12:57 IST" time="34.110" errors="0">
  <testcase name="ExcuteConfig" time="34.110" classname="Admin_Module.CreateSubjectRoutingPOMTest_3"/>
  <system-out/>
</testsuite> <!-- Admin_Module.CreateSubjectRoutingPOMTest_3 -->
